<?xml version="1.0" encoding="UTF-8"?>
<testsuite name="com.zeravorn.match.MatchSessionTest" tests="4" skipped="0" failures="0" errors="0" timestamp="2026-08-28T15:39:46.304Z" hostname="LAPTOP-2N956OO7" time="0.126">
  <properties/>
  <testcase name="finishingIsIdempotent()" classname="com.zeravorn.match.MatchSessionTest" time="0.067"/>
  <testcase name="rejectsInvalidTransitions()" classname="com.zeravorn.match.MatchSessionTest" time="0.006"/>
  <testcase name="teamRosterHasFiveSlotsAndUniquePlayersAcrossTeams()" classname="com.zeravorn.match.MatchSessionTest" time="0.005"/>
  <testcase name="followsTheServerMatchLifecycle()" classname="com.zeravorn.match.MatchSessionTest" time="0.001"/>
  <system-out><![CDATA[]]></system-out>
  <system-err><![CDATA[]]></system-err>
</testsuite>
